2025-01-08T10:54:11.114+0100 INFO               [main]                         be.pxl.services.postApp       - Starting postApp using Java 21.0.2 with PID 20028 (C:\Users\Kian\Documents\3AON\fullstack_java\project-KianVanDyckPXL\backend-java\project\post-service\target\classes started by Kian in C:\Users\Kian\Documents\3AON\fullstack_java\project-KianVanDyckPXL\backend-java\project)
2025-01-08T10:54:11.115+0100 DEBUG              [main]                         be.pxl.services.postApp       - Running with Spring Boot v3.3.5, Spring v6.1.14
2025-01-08T10:54:11.115+0100 INFO               [main]                         be.pxl.services.postApp       - No active profile set, falling back to 1 default profile: "default"
2025-01-08T10:54:19.715+0100 INFO               [main]                         be.pxl.services.postApp       - Started postApp in 11.282 seconds (process running for 12.319)
2025-01-08T10:55:37.387+0100 INFO               [http-nio-8084-exec-2]         be.pxl.services.controller.PostController - Adding post: PostRequest(title=ezel, content=commet, author=jef, isConcept=false)
2025-01-08T12:00:45.639+0100 INFO               [main]                         be.pxl.services.CommentApp    - Starting CommentApp using Java 21.0.2 with PID 3016 (C:\Users\Kian\Documents\3AON\fullstack_java\project-KianVanDyckPXL\backend-java\project\comment-service\target\classes started by Kian in C:\Users\Kian\Documents\3AON\fullstack_java\project-KianVanDyckPXL\backend-java\project)
2025-01-08T12:00:45.640+0100 DEBUG              [main]                         be.pxl.services.CommentApp    - Running with Spring Boot v3.3.5, Spring v6.1.14
2025-01-08T12:00:45.641+0100 INFO               [main]                         be.pxl.services.CommentApp    - No active profile set, falling back to 1 default profile: "default"
2025-01-08T12:00:55.493+0100 INFO               [main]                         be.pxl.services.CommentApp    - Started CommentApp in 11.961 seconds (process running for 14.72)
2025-01-08T12:01:13.440+0100 INFO               [main]                         be.pxl.services.postApp       - Starting postApp using Java 21.0.2 with PID 21300 (C:\Users\Kian\Documents\3AON\fullstack_java\project-KianVanDyckPXL\backend-java\project\post-service\target\classes started by Kian in C:\Users\Kian\Documents\3AON\fullstack_java\project-KianVanDyckPXL\backend-java\project)
2025-01-08T12:01:13.441+0100 DEBUG              [main]                         be.pxl.services.postApp       - Running with Spring Boot v3.3.5, Spring v6.1.14
2025-01-08T12:01:13.442+0100 INFO               [main]                         be.pxl.services.postApp       - No active profile set, falling back to 1 default profile: "default"
2025-01-08T12:01:23.462+0100 INFO               [main]                         be.pxl.services.postApp       - Started postApp in 12.254 seconds (process running for 13.284)
2025-01-08T12:05:20.214+0100 INFO               [main]                         be.pxl.services.postApp       - Starting postApp using Java 21.0.2 with PID 16836 (C:\Users\Kian\Documents\3AON\fullstack_java\project-KianVanDyckPXL\backend-java\project\post-service\target\classes started by Kian in C:\Users\Kian\Documents\3AON\fullstack_java\project-KianVanDyckPXL\backend-java\project)
2025-01-08T12:05:20.215+0100 DEBUG              [main]                         be.pxl.services.postApp       - Running with Spring Boot v3.3.5, Spring v6.1.14
2025-01-08T12:05:20.216+0100 INFO               [main]                         be.pxl.services.postApp       - No active profile set, falling back to 1 default profile: "default"
2025-01-08T12:05:29.128+0100 INFO               [main]                         be.pxl.services.postApp       - Started postApp in 10.849 seconds (process running for 11.77)
2025-01-08T12:11:00.743+0100 INFO               [main]                         be.pxl.services.postApp       - Starting postApp using Java 21.0.2 with PID 4848 (C:\Users\Kian\Documents\3AON\fullstack_java\project-KianVanDyckPXL\backend-java\project\post-service\target\classes started by Kian in C:\Users\Kian\Documents\3AON\fullstack_java\project-KianVanDyckPXL\backend-java\project)
2025-01-08T12:11:00.745+0100 DEBUG              [main]                         be.pxl.services.postApp       - Running with Spring Boot v3.3.5, Spring v6.1.14
2025-01-08T12:11:00.746+0100 INFO               [main]                         be.pxl.services.postApp       - No active profile set, falling back to 1 default profile: "default"
2025-01-08T12:11:11.254+0100 INFO               [main]                         be.pxl.services.postApp       - Started postApp in 12.428 seconds (process running for 13.291)
2025-01-08T12:14:02.606+0100 INFO               [http-nio-8084-exec-1]         be.pxl.services.controller.PostController - Adding post: PostRequest(title=ezel, content=commet, author=jef, isConcept=false)
2025-01-08T12:17:22.855+0100 INFO               [main]                         be.pxl.services.postApp       - Starting postApp using Java 21.0.2 with PID 13528 (C:\Users\Kian\Documents\3AON\fullstack_java\project-KianVanDyckPXL\backend-java\project\post-service\target\classes started by Kian in C:\Users\Kian\Documents\3AON\fullstack_java\project-KianVanDyckPXL\backend-java\project)
2025-01-08T12:17:22.856+0100 DEBUG              [main]                         be.pxl.services.postApp       - Running with Spring Boot v3.3.5, Spring v6.1.14
2025-01-08T12:17:22.856+0100 INFO               [main]                         be.pxl.services.postApp       - No active profile set, falling back to 1 default profile: "default"
2025-01-08T12:17:30.651+0100 INFO               [main]                         be.pxl.services.postApp       - Started postApp in 9.737 seconds (process running for 10.688)
2025-01-08T12:17:40.754+0100 INFO               [main]                         be.pxl.services.ReviewApp     - Starting ReviewApp using Java 21.0.2 with PID 2512 (C:\Users\Kian\Documents\3AON\fullstack_java\project-KianVanDyckPXL\backend-java\project\review-service\target\classes started by Kian in C:\Users\Kian\Documents\3AON\fullstack_java\project-KianVanDyckPXL\backend-java\project)
2025-01-08T12:17:40.757+0100 DEBUG              [main]                         be.pxl.services.ReviewApp     - Running with Spring Boot v3.3.5, Spring v6.1.14
2025-01-08T12:17:40.759+0100 INFO               [main]                         be.pxl.services.ReviewApp     - No active profile set, falling back to 1 default profile: "default"
2025-01-08T12:17:56.007+0100 INFO               [main]                         be.pxl.services.ReviewApp     - Started ReviewApp in 17.698 seconds (process running for 18.622)
2025-01-08T12:18:04.648+0100 INFO               [main]                         be.pxl.services.CommentApp    - Starting CommentApp using Java 21.0.2 with PID 15056 (C:\Users\Kian\Documents\3AON\fullstack_java\project-KianVanDyckPXL\backend-java\project\comment-service\target\classes started by Kian in C:\Users\Kian\Documents\3AON\fullstack_java\project-KianVanDyckPXL\backend-java\project)
2025-01-08T12:18:04.649+0100 DEBUG              [main]                         be.pxl.services.CommentApp    - Running with Spring Boot v3.3.5, Spring v6.1.14
2025-01-08T12:18:04.650+0100 INFO               [main]                         be.pxl.services.CommentApp    - No active profile set, falling back to 1 default profile: "default"
2025-01-08T12:18:12.361+0100 INFO               [main]                         be.pxl.services.CommentApp    - Started CommentApp in 9.772 seconds (process running for 10.672)
2025-01-08T12:18:23.152+0100 INFO               [http-nio-8084-exec-1]         be.pxl.services.controller.PostController - Adding post: PostRequest(title=ezel, content=dddddd, author=jef, isConcept=false)
2025-01-08T12:20:18.076+0100 INFO               [main]                         be.pxl.services.CommentApp    - Starting CommentApp using Java 21.0.2 with PID 11396 (C:\Users\Kian\Documents\3AON\fullstack_java\project-KianVanDyckPXL\backend-java\project\comment-service\target\classes started by Kian in C:\Users\Kian\Documents\3AON\fullstack_java\project-KianVanDyckPXL\backend-java\project)
2025-01-08T12:20:18.077+0100 DEBUG              [main]                         be.pxl.services.CommentApp    - Running with Spring Boot v3.3.5, Spring v6.1.14
2025-01-08T12:20:18.078+0100 INFO               [main]                         be.pxl.services.CommentApp    - No active profile set, falling back to 1 default profile: "default"
2025-01-08T12:20:25.624+0100 INFO               [main]                         be.pxl.services.CommentApp    - Started CommentApp in 9.561 seconds (process running for 10.372)
2025-01-08T12:21:18.088+0100 INFO               [http-nio-8082-exec-4]         be.pxl.services.controller.CommentController - Adding comment: CommentRequest(comment=comment, postId=303, author=eee)
