2025-01-12T19:44:42.162+0100 INFO               [main]                         be.pxl.services.PostTests     - Starting PostTests using Java 21.0.5 with PID 35656 (started by jorge in C:\Users\jorge\Documents\GitHub\project-KianVanDyckPXL\backend-java\project\post-service)
2025-01-12T19:44:42.163+0100 DEBUG              [main]                         be.pxl.services.PostTests     - Running with Spring Boot v3.3.5, Spring v6.1.14
2025-01-12T19:44:42.163+0100 INFO               [main]                         be.pxl.services.PostTests     - No active profile set, falling back to 1 default profile: "default"
2025-01-12T19:44:45.866+0100 INFO               [main]                         be.pxl.services.PostTests     - Started PostTests in 4.366 seconds (process running for 15.234)
2025-01-12T19:51:05.915+0100 INFO               [main]                         be.pxl.services.PostTests     - Starting PostTests using Java 21.0.5 with PID 11332 (started by jorge in C:\Users\jorge\Documents\GitHub\project-KianVanDyckPXL\backend-java\project\post-service)
2025-01-12T19:51:05.916+0100 DEBUG              [main]                         be.pxl.services.PostTests     - Running with Spring Boot v3.3.5, Spring v6.1.14
2025-01-12T19:51:05.917+0100 INFO               [main]                         be.pxl.services.PostTests     - No active profile set, falling back to 1 default profile: "default"
2025-01-12T19:51:10.470+0100 INFO               [main]                         be.pxl.services.PostTests     - Started PostTests in 5.188 seconds (process running for 15.906)
2025-01-12T19:52:03.052+0100 INFO               [main]                         be.pxl.services.PostTests     - Starting PostTests using Java 21.0.5 with PID 9652 (started by jorge in C:\Users\jorge\Documents\GitHub\project-KianVanDyckPXL\backend-java\project\post-service)
2025-01-12T19:52:03.052+0100 DEBUG              [main]                         be.pxl.services.PostTests     - Running with Spring Boot v3.3.5, Spring v6.1.14
2025-01-12T19:52:03.053+0100 INFO               [main]                         be.pxl.services.PostTests     - No active profile set, falling back to 1 default profile: "default"
2025-01-12T19:52:07.631+0100 INFO               [main]                         be.pxl.services.PostTests     - Started PostTests in 5.222 seconds (process running for 16.082)
2025-01-12T19:52:07.834+0100 INFO               [main]                         be.pxl.services.controller.PostController - a person got a post: PostResponse(id=1, title=title, content=content, author=author, createdAt=2025-01-12T19:52:07.736111, isConcept=true, reviewStatus=null, comment=null)
2025-01-12T19:55:13.588+0100 INFO               [main]                         be.pxl.services.PostTests     - Starting PostTests using Java 21.0.5 with PID 28656 (started by jorge in C:\Users\jorge\Documents\GitHub\project-KianVanDyckPXL\backend-java\project\post-service)
2025-01-12T19:55:13.588+0100 DEBUG              [main]                         be.pxl.services.PostTests     - Running with Spring Boot v3.3.5, Spring v6.1.14
2025-01-12T19:55:13.589+0100 INFO               [main]                         be.pxl.services.PostTests     - No active profile set, falling back to 1 default profile: "default"
2025-01-12T19:55:18.713+0100 INFO               [main]                         be.pxl.services.PostTests     - Started PostTests in 5.763 seconds (process running for 16.605)
2025-01-12T19:55:18.946+0100 INFO               [main]                         be.pxl.services.controller.PostController - Updating post with id: 1 , post: PostRequest(title=updated title, content=updated content, author=updated comment, isConcept=true)
2025-01-12T19:56:11.156+0100 INFO               [main]                         be.pxl.services.PostTests     - Starting PostTests using Java 21.0.5 with PID 34624 (started by jorge in C:\Users\jorge\Documents\GitHub\project-KianVanDyckPXL\backend-java\project\post-service)
2025-01-12T19:56:11.157+0100 DEBUG              [main]                         be.pxl.services.PostTests     - Running with Spring Boot v3.3.5, Spring v6.1.14
2025-01-12T19:56:11.158+0100 INFO               [main]                         be.pxl.services.PostTests     - No active profile set, falling back to 1 default profile: "default"
2025-01-12T19:56:15.787+0100 INFO               [main]                         be.pxl.services.PostTests     - Started PostTests in 5.272 seconds (process running for 16.311)
2025-01-12T19:56:15.981+0100 INFO               [main]                         be.pxl.services.controller.PostController - Updating post with id: 1 , post: PostRequest(title=updated title, content=updated content, author=updated comment, isConcept=true)
2025-01-12T19:58:37.605+0100 INFO               [main]                         be.pxl.services.PostTests     - Starting PostTests using Java 21.0.5 with PID 35412 (started by jorge in C:\Users\jorge\Documents\GitHub\project-KianVanDyckPXL\backend-java\project\post-service)
2025-01-12T19:58:37.606+0100 DEBUG              [main]                         be.pxl.services.PostTests     - Running with Spring Boot v3.3.5, Spring v6.1.14
2025-01-12T19:58:37.606+0100 INFO               [main]                         be.pxl.services.PostTests     - No active profile set, falling back to 1 default profile: "default"
2025-01-12T19:58:42.229+0100 INFO               [main]                         be.pxl.services.PostTests     - Started PostTests in 5.3 seconds (process running for 16.21)
2025-01-12T19:58:42.427+0100 INFO               [main]                         be.pxl.services.controller.PostController - a person got a post: PostResponse(id=1, title=title, content=content, author=author, createdAt=2025-01-12T19:58:42.333355, isConcept=true, reviewStatus=null, comment=null)
2025-01-12T19:58:42.482+0100 INFO               [main]                         be.pxl.services.controller.PostController - Updating post with id: 1 , post: PostRequest(title=updated title, content=updated content, author=updated comment, isConcept=true)
2025-01-12T19:59:33.185+0100 INFO               [main]                         be.pxl.services.PostTests     - Starting PostTests using Java 21.0.5 with PID 28836 (started by jorge in C:\Users\jorge\Documents\GitHub\project-KianVanDyckPXL\backend-java\project\post-service)
2025-01-12T19:59:33.186+0100 DEBUG              [main]                         be.pxl.services.PostTests     - Running with Spring Boot v3.3.5, Spring v6.1.14
2025-01-12T19:59:33.186+0100 INFO               [main]                         be.pxl.services.PostTests     - No active profile set, falling back to 1 default profile: "default"
2025-01-12T19:59:37.808+0100 INFO               [main]                         be.pxl.services.PostTests     - Started PostTests in 5.254 seconds (process running for 16.077)
2025-01-12T19:59:38.016+0100 INFO               [main]                         be.pxl.services.controller.PostController - Updating post with id: 1 , post: PostRequest(title=updated title, content=updated content, author=updated comment, isConcept=true)
2025-01-12T20:00:37.845+0100 INFO               [main]                         be.pxl.services.PostTests     - Starting PostTests using Java 21.0.5 with PID 7328 (started by jorge in C:\Users\jorge\Documents\GitHub\project-KianVanDyckPXL\backend-java\project\post-service)
2025-01-12T20:00:37.846+0100 DEBUG              [main]                         be.pxl.services.PostTests     - Running with Spring Boot v3.3.5, Spring v6.1.14
2025-01-12T20:00:37.846+0100 INFO               [main]                         be.pxl.services.PostTests     - No active profile set, falling back to 1 default profile: "default"
2025-01-12T20:00:42.647+0100 INFO               [main]                         be.pxl.services.PostTests     - Started PostTests in 5.481 seconds (process running for 16.5)
2025-01-12T20:00:42.861+0100 INFO               [main]                         be.pxl.services.controller.PostController - Updating post with id: 1 , post: PostRequest(title=title, content=updated content, author=updated comment, isConcept=true)
2025-01-12T20:01:05.178+0100 INFO               [main]                         be.pxl.services.PostTests     - Starting PostTests using Java 21.0.5 with PID 17576 (started by jorge in C:\Users\jorge\Documents\GitHub\project-KianVanDyckPXL\backend-java\project\post-service)
2025-01-12T20:01:05.179+0100 DEBUG              [main]                         be.pxl.services.PostTests     - Running with Spring Boot v3.3.5, Spring v6.1.14
2025-01-12T20:01:05.179+0100 INFO               [main]                         be.pxl.services.PostTests     - No active profile set, falling back to 1 default profile: "default"
2025-01-12T20:01:09.825+0100 INFO               [main]                         be.pxl.services.PostTests     - Started PostTests in 5.26 seconds (process running for 15.939)
2025-01-12T20:01:10.010+0100 INFO               [main]                         be.pxl.services.controller.PostController - Updating post with id: 1 , post: PostRequest(title=title, content=updated content, author=updated comment, isConcept=true)
2025-01-12T20:01:57.293+0100 INFO               [main]                         be.pxl.services.PostTests     - Starting PostTests using Java 21.0.5 with PID 35668 (started by jorge in C:\Users\jorge\Documents\GitHub\project-KianVanDyckPXL\backend-java\project\post-service)
2025-01-12T20:01:57.294+0100 DEBUG              [main]                         be.pxl.services.PostTests     - Running with Spring Boot v3.3.5, Spring v6.1.14
2025-01-12T20:01:57.294+0100 INFO               [main]                         be.pxl.services.PostTests     - No active profile set, falling back to 1 default profile: "default"
2025-01-12T20:02:01.892+0100 INFO               [main]                         be.pxl.services.PostTests     - Started PostTests in 5.265 seconds (process running for 15.972)
2025-01-12T20:02:02.077+0100 INFO               [main]                         be.pxl.services.controller.PostController - Updating post with id: 1 , post: PostRequest(title=title, content=updated content, author=updated comment, isConcept=true)
2025-01-12T20:06:02.704+0100 INFO               [main]                         be.pxl.services.PostTests     - Starting PostTests using Java 21.0.5 with PID 15960 (started by jorge in C:\Users\jorge\Documents\GitHub\project-KianVanDyckPXL\backend-java\project\post-service)
2025-01-12T20:06:02.705+0100 DEBUG              [main]                         be.pxl.services.PostTests     - Running with Spring Boot v3.3.5, Spring v6.1.14
2025-01-12T20:06:02.705+0100 INFO               [main]                         be.pxl.services.PostTests     - No active profile set, falling back to 1 default profile: "default"
2025-01-12T20:06:07.295+0100 INFO               [main]                         be.pxl.services.PostTests     - Started PostTests in 5.258 seconds (process running for 16.136)
2025-01-12T20:07:02.664+0100 INFO               [main]                         be.pxl.services.PostTests     - Starting PostTests using Java 21.0.5 with PID 25348 (started by jorge in C:\Users\jorge\Documents\GitHub\project-KianVanDyckPXL\backend-java\project\post-service)
2025-01-12T20:07:02.664+0100 DEBUG              [main]                         be.pxl.services.PostTests     - Running with Spring Boot v3.3.5, Spring v6.1.14
2025-01-12T20:07:02.665+0100 INFO               [main]                         be.pxl.services.PostTests     - No active profile set, falling back to 1 default profile: "default"
2025-01-12T20:07:07.520+0100 INFO               [main]                         be.pxl.services.PostTests     - Started PostTests in 5.589 seconds (process running for 16.43)
2025-01-12T20:09:42.410+0100 INFO               [main]                         be.pxl.services.PostTests     - Starting PostTests using Java 21.0.5 with PID 12044 (started by jorge in C:\Users\jorge\Documents\GitHub\project-KianVanDyckPXL\backend-java\project\post-service)
2025-01-12T20:09:42.410+0100 DEBUG              [main]                         be.pxl.services.PostTests     - Running with Spring Boot v3.3.5, Spring v6.1.14
2025-01-12T20:09:42.411+0100 INFO               [main]                         be.pxl.services.PostTests     - No active profile set, falling back to 1 default profile: "default"
2025-01-12T20:09:47.381+0100 INFO               [main]                         be.pxl.services.PostTests     - Started PostTests in 5.613 seconds (process running for 16.597)
2025-01-12T20:09:47.623+0100 INFO               [main]                         be.pxl.services.controller.PostController - a person got a post: PostResponse(id=1, title=title, content=content, author=author, createdAt=2025-01-12T20:09:47.507520, isConcept=true, reviewStatus=null, comment=null)
2025-01-12T20:09:47.713+0100 INFO               [main]                         be.pxl.services.controller.PostController - Updating post with id: 1 , post: PostRequest(title=title, content=updated content, author=updated comment, isConcept=true)
2025-01-12T20:10:43.898+0100 INFO               [main]                         be.pxl.services.PostTests     - Starting PostTests using Java 21.0.5 with PID 24360 (started by jorge in C:\Users\jorge\Documents\GitHub\project-KianVanDyckPXL\backend-java\project\post-service)
2025-01-12T20:10:43.898+0100 DEBUG              [main]                         be.pxl.services.PostTests     - Running with Spring Boot v3.3.5, Spring v6.1.14
2025-01-12T20:10:43.899+0100 INFO               [main]                         be.pxl.services.PostTests     - No active profile set, falling back to 1 default profile: "default"
2025-01-12T20:10:48.906+0100 INFO               [main]                         be.pxl.services.PostTests     - Started PostTests in 5.635 seconds (process running for 16.802)
2025-01-12T20:10:49.117+0100 INFO               [main]                         be.pxl.services.controller.PostController - a person got a post: PostResponse(id=1, title=title, content=content, author=author, createdAt=2025-01-12T20:10:49.016182, isConcept=true, reviewStatus=null, comment=null)
2025-01-12T20:10:49.221+0100 INFO               [main]                         be.pxl.services.controller.PostController - Updating post with id: 1 , post: PostRequest(title=title, content=updated content, author=updated comment, isConcept=true)
2025-01-12T20:11:47.369+0100 INFO               [main]                         be.pxl.services.PostTests     - Starting PostTests using Java 21.0.5 with PID 13112 (started by jorge in C:\Users\jorge\Documents\GitHub\project-KianVanDyckPXL\backend-java\project\post-service)
2025-01-12T20:11:47.370+0100 DEBUG              [main]                         be.pxl.services.PostTests     - Running with Spring Boot v3.3.5, Spring v6.1.14
2025-01-12T20:11:47.370+0100 INFO               [main]                         be.pxl.services.PostTests     - No active profile set, falling back to 1 default profile: "default"
2025-01-12T20:11:51.895+0100 INFO               [main]                         be.pxl.services.PostTests     - Started PostTests in 5.159 seconds (process running for 16.041)
2025-01-12T20:11:52.088+0100 INFO               [main]                         be.pxl.services.controller.PostController - a person got a post: PostResponse(id=1, title=title, content=content, author=author, createdAt=2025-01-12T20:11:51.988418, isConcept=true, reviewStatus=null, comment=null)
2025-01-12T20:11:52.181+0100 INFO               [main]                         be.pxl.services.controller.PostController - Updating post with id: 1 , post: PostRequest(title=title, content=updated content, author=updated comment, isConcept=true)
2025-01-12T20:13:42.476+0100 INFO               [main]                         be.pxl.services.PostTests     - Starting PostTests using Java 21.0.5 with PID 1912 (started by jorge in C:\Users\jorge\Documents\GitHub\project-KianVanDyckPXL\backend-java\project\post-service)
2025-01-12T20:13:42.476+0100 DEBUG              [main]                         be.pxl.services.PostTests     - Running with Spring Boot v3.3.5, Spring v6.1.14
2025-01-12T20:13:42.477+0100 INFO               [main]                         be.pxl.services.PostTests     - No active profile set, falling back to 1 default profile: "default"
2025-01-12T20:13:47.090+0100 INFO               [main]                         be.pxl.services.PostTests     - Started PostTests in 5.25 seconds (process running for 15.951)
2025-01-12T20:13:47.299+0100 INFO               [main]                         be.pxl.services.controller.PostController - a person got a post: PostResponse(id=1, title=title, content=content, author=author, createdAt=2025-01-12T20:13:47.189111, isConcept=true, reviewStatus=null, comment=null)
2025-01-12T20:13:47.384+0100 INFO               [main]                         be.pxl.services.controller.PostController - Updating post with id: 1 , post: PostRequest(title=title, content=updated content, author=updated comment, isConcept=true)
2025-01-12T20:13:47.433+0100 INFO               [main]                         be.pxl.services.controller.PostController - a person got all his posts: [PostResponse(id=4, title=title, content=content, author=jef, createdAt=2025-01-12T20:13:47.412502, isConcept=true, reviewStatus=APPROVED, comment=comment)]
2025-01-12T20:15:34.179+0100 INFO               [main]                         be.pxl.services.PostTests     - Starting PostTests using Java 21.0.5 with PID 10664 (started by jorge in C:\Users\jorge\Documents\GitHub\project-KianVanDyckPXL\backend-java\project\post-service)
2025-01-12T20:15:34.180+0100 DEBUG              [main]                         be.pxl.services.PostTests     - Running with Spring Boot v3.3.5, Spring v6.1.14
2025-01-12T20:15:34.180+0100 INFO               [main]                         be.pxl.services.PostTests     - No active profile set, falling back to 1 default profile: "default"
2025-01-12T20:15:38.672+0100 INFO               [main]                         be.pxl.services.PostTests     - Started PostTests in 5.105 seconds (process running for 15.795)
2025-01-12T20:15:38.867+0100 INFO               [main]                         be.pxl.services.controller.PostController - a person got a post: PostResponse(id=1, title=title, content=content, author=author, createdAt=2025-01-12T20:15:38.765470, isConcept=true, reviewStatus=null, comment=null)
2025-01-12T20:15:38.943+0100 INFO               [main]                         be.pxl.services.controller.PostController - Updating post with id: 1 , post: PostRequest(title=title, content=updated content, author=updated comment, isConcept=true)
2025-01-12T20:15:38.988+0100 INFO               [main]                         be.pxl.services.controller.PostController - a person got all his posts: [PostResponse(id=4, title=title, content=content, author=jef, createdAt=2025-01-12T20:15:38.967895, isConcept=true, reviewStatus=APPROVED, comment=comment)]
2025-01-12T20:15:59.404+0100 INFO               [main]                         be.pxl.services.PostTests     - Starting PostTests using Java 21.0.5 with PID 31224 (started by jorge in C:\Users\jorge\Documents\GitHub\project-KianVanDyckPXL\backend-java\project\post-service)
2025-01-12T20:15:59.405+0100 DEBUG              [main]                         be.pxl.services.PostTests     - Running with Spring Boot v3.3.5, Spring v6.1.14
2025-01-12T20:15:59.405+0100 INFO               [main]                         be.pxl.services.PostTests     - No active profile set, falling back to 1 default profile: "default"
2025-01-12T20:16:03.934+0100 INFO               [main]                         be.pxl.services.PostTests     - Started PostTests in 5.153 seconds (process running for 15.703)
2025-01-12T20:16:04.124+0100 INFO               [main]                         be.pxl.services.controller.PostController - a person got a post: PostResponse(id=1, title=title, content=content, author=author, createdAt=2025-01-12T20:16:04.023139, isConcept=true, reviewStatus=null, comment=null)
2025-01-12T20:16:04.188+0100 INFO               [main]                         be.pxl.services.controller.PostController - a author got all his posts: [PostResponse(id=2, title=title, content=content, author=jef, createdAt=2025-01-12T20:16:04.159910, isConcept=true, reviewStatus=PENDING, comment=comment)]
2025-01-12T20:16:04.217+0100 INFO               [main]                         be.pxl.services.controller.PostController - Updating post with id: 1 , post: PostRequest(title=title, content=updated content, author=updated comment, isConcept=true)
2025-01-12T20:16:04.259+0100 INFO               [main]                         be.pxl.services.controller.PostController - a person got all his posts: [PostResponse(id=4, title=title, content=content, author=jef, createdAt=2025-01-12T20:16:04.248142, isConcept=true, reviewStatus=APPROVED, comment=comment)]
2025-01-12T20:18:04.042+0100 INFO               [main]                         be.pxl.services.PostTests     - Starting PostTests using Java 21.0.5 with PID 31952 (started by jorge in C:\Users\jorge\Documents\GitHub\project-KianVanDyckPXL\backend-java\project\post-service)
2025-01-12T20:18:04.043+0100 DEBUG              [main]                         be.pxl.services.PostTests     - Running with Spring Boot v3.3.5, Spring v6.1.14
2025-01-12T20:18:04.043+0100 INFO               [main]                         be.pxl.services.PostTests     - No active profile set, falling back to 1 default profile: "default"
2025-01-12T20:18:08.564+0100 INFO               [main]                         be.pxl.services.PostTests     - Started PostTests in 5.15 seconds (process running for 15.973)
2025-01-12T20:18:08.779+0100 INFO               [main]                         be.pxl.services.controller.PostController - a person got a post: PostResponse(id=1, title=title, content=content, author=author, createdAt=2025-01-12T20:18:08.665359, isConcept=true, reviewStatus=null, comment=null)
2025-01-12T20:18:08.846+0100 INFO               [main]                         be.pxl.services.controller.PostController - a author got all his posts: [PostResponse(id=2, title=title, content=content, author=jef, createdAt=2025-01-12T20:18:08.815777, isConcept=true, reviewStatus=PENDING, comment=comment)]
2025-01-12T20:18:08.873+0100 INFO               [main]                         be.pxl.services.controller.PostController - Updating post with id: 1 , post: PostRequest(title=title, content=updated content, author=updated comment, isConcept=true)
2025-01-12T20:18:08.914+0100 INFO               [main]                         be.pxl.services.controller.PostController - a person got all his posts: [PostResponse(id=4, title=title, content=content, author=jef, createdAt=2025-01-12T20:18:08.904051, isConcept=true, reviewStatus=APPROVED, comment=comment)]
2025-01-12T20:19:37.637+0100 INFO               [main]                         be.pxl.services.PostTests     - Starting PostTests using Java 21.0.5 with PID 30392 (started by jorge in C:\Users\jorge\Documents\GitHub\project-KianVanDyckPXL\backend-java\project\post-service)
2025-01-12T20:19:37.638+0100 DEBUG              [main]                         be.pxl.services.PostTests     - Running with Spring Boot v3.3.5, Spring v6.1.14
2025-01-12T20:19:37.639+0100 INFO               [main]                         be.pxl.services.PostTests     - No active profile set, falling back to 1 default profile: "default"
2025-01-12T20:19:42.236+0100 INFO               [main]                         be.pxl.services.PostTests     - Started PostTests in 5.229 seconds (process running for 16.069)
2025-01-12T20:19:42.436+0100 INFO               [main]                         be.pxl.services.controller.PostController - Updating post with id: 1 , post: PostRequest(title=title, content=updated content, author=updated comment, isConcept=true)
2025-01-12T20:22:07.572+0100 INFO               [main]                         be.pxl.services.PostTests     - Starting PostTests using Java 21.0.5 with PID 27180 (started by jorge in C:\Users\jorge\Documents\GitHub\project-KianVanDyckPXL\backend-java\project\post-service)
2025-01-12T20:22:07.573+0100 DEBUG              [main]                         be.pxl.services.PostTests     - Running with Spring Boot v3.3.5, Spring v6.1.14
2025-01-12T20:22:07.573+0100 INFO               [main]                         be.pxl.services.PostTests     - No active profile set, falling back to 1 default profile: "default"
2025-01-12T20:22:12.183+0100 INFO               [main]                         be.pxl.services.PostTests     - Started PostTests in 5.236 seconds (process running for 16.16)
2025-01-12T20:22:12.390+0100 INFO               [main]                         be.pxl.services.controller.PostController - a person got a post: PostResponse(id=1, title=title, content=content, author=author, createdAt=2025-01-12T20:22:12.281734, isConcept=true, reviewStatus=null, comment=null)
2025-01-12T20:22:12.460+0100 INFO               [main]                         be.pxl.services.controller.PostController - a author got all his posts: [PostResponse(id=2, title=title, content=content, author=jef, createdAt=2025-01-12T20:22:12.430419, isConcept=true, reviewStatus=PENDING, comment=comment)]
2025-01-12T20:22:12.480+0100 INFO               [main]                         be.pxl.services.controller.PostController - Adding post: PostRequest(title=New Title, content=New Content, author=New Author, isConcept=true)
2025-01-12T20:22:12.516+0100 INFO               [main]                         be.pxl.services.controller.PostController - Updating post with id: 1 , post: PostRequest(title=title, content=updated content, author=updated comment, isConcept=true)
2025-01-12T20:22:12.554+0100 INFO               [main]                         be.pxl.services.controller.PostController - a person got all his posts: [PostResponse(id=5, title=title, content=content, author=jef, createdAt=2025-01-12T20:22:12.543416, isConcept=true, reviewStatus=APPROVED, comment=comment)]
2025-01-12T20:22:44.331+0100 INFO               [main]                         be.pxl.services.PostTests     - Starting PostTests using Java 21.0.5 with PID 33668 (started by jorge in C:\Users\jorge\Documents\GitHub\project-KianVanDyckPXL\backend-java\project\post-service)
2025-01-12T20:22:44.332+0100 DEBUG              [main]                         be.pxl.services.PostTests     - Running with Spring Boot v3.3.5, Spring v6.1.14
2025-01-12T20:22:44.332+0100 INFO               [main]                         be.pxl.services.PostTests     - No active profile set, falling back to 1 default profile: "default"
2025-01-12T20:22:49.017+0100 INFO               [main]                         be.pxl.services.PostTests     - Started PostTests in 5.317 seconds (process running for 16.049)
2025-01-12T20:22:49.220+0100 INFO               [main]                         be.pxl.services.controller.PostController - a person got a post: PostResponse(id=1, title=title, content=content, author=author, createdAt=2025-01-12T20:22:49.121163, isConcept=true, reviewStatus=null, comment=null)
2025-01-12T20:22:49.285+0100 INFO               [main]                         be.pxl.services.controller.PostController - a author got all his posts: [PostResponse(id=2, title=title, content=content, author=jef, createdAt=2025-01-12T20:22:49.256884, isConcept=true, reviewStatus=PENDING, comment=comment)]
2025-01-12T20:22:49.307+0100 INFO               [main]                         be.pxl.services.controller.PostController - Adding post: PostRequest(title=New Title, content=New Content, author=New Author, isConcept=true)
2025-01-12T20:22:49.345+0100 INFO               [main]                         be.pxl.services.controller.PostController - Updating post with id: 1 , post: PostRequest(title=title, content=updated content, author=updated comment, isConcept=true)
2025-01-12T20:22:49.391+0100 INFO               [main]                         be.pxl.services.controller.PostController - a person got all his posts: [PostResponse(id=5, title=title, content=content, author=jef, createdAt=2025-01-12T20:22:49.377267, isConcept=true, reviewStatus=APPROVED, comment=comment)]
2025-01-12T20:23:28.408+0100 INFO               [main]                         be.pxl.services.PostTests     - Starting PostTests using Java 21.0.5 with PID 5500 (started by jorge in C:\Users\jorge\Documents\GitHub\project-KianVanDyckPXL\backend-java\project\post-service)
2025-01-12T20:23:28.409+0100 DEBUG              [main]                         be.pxl.services.PostTests     - Running with Spring Boot v3.3.5, Spring v6.1.14
2025-01-12T20:23:28.410+0100 INFO               [main]                         be.pxl.services.PostTests     - No active profile set, falling back to 1 default profile: "default"
2025-01-12T20:23:32.994+0100 INFO               [main]                         be.pxl.services.PostTests     - Started PostTests in 5.243 seconds (process running for 16.14)
2025-01-12T20:23:33.188+0100 INFO               [main]                         be.pxl.services.controller.PostController - a person got a post: PostResponse(id=1, title=title, content=content, author=author, createdAt=2025-01-12T20:23:33.087359, isConcept=true, reviewStatus=null, comment=null)
2025-01-12T20:23:33.250+0100 INFO               [main]                         be.pxl.services.controller.PostController - a author got all his posts: [PostResponse(id=2, title=title, content=content, author=jef, createdAt=2025-01-12T20:23:33.223498, isConcept=true, reviewStatus=PENDING, comment=comment)]
2025-01-12T20:23:33.268+0100 INFO               [main]                         be.pxl.services.controller.PostController - Adding post: PostRequest(title=New Title, content=New Content, author=New Author, isConcept=true)
2025-01-12T20:23:33.304+0100 INFO               [main]                         be.pxl.services.controller.PostController - Updating post with id: 1 , post: PostRequest(title=title, content=updated content, author=updated comment, isConcept=true)
2025-01-12T20:23:33.340+0100 INFO               [main]                         be.pxl.services.controller.PostController - a person got all his posts: [PostResponse(id=5, title=title, content=content, author=jef, createdAt=2025-01-12T20:23:33.328997, isConcept=true, reviewStatus=APPROVED, comment=comment)]
2025-01-12T20:26:06.523+0100 INFO               [main]                         be.pxl.services.PostTests     - Starting PostTests using Java 21.0.5 with PID 5476 (started by jorge in C:\Users\jorge\Documents\GitHub\project-KianVanDyckPXL\backend-java\project\post-service)
2025-01-12T20:26:06.524+0100 DEBUG              [main]                         be.pxl.services.PostTests     - Running with Spring Boot v3.3.5, Spring v6.1.14
2025-01-12T20:26:06.524+0100 INFO               [main]                         be.pxl.services.PostTests     - No active profile set, falling back to 1 default profile: "default"
2025-01-12T20:26:11.276+0100 INFO               [main]                         be.pxl.services.PostTests     - Started PostTests in 5.442 seconds (process running for 16.033)
2025-01-12T20:26:11.508+0100 INFO               [main]                         be.pxl.services.controller.PostController - a author put his post for submission with id: 1, post: be.pxl.services.controller.dto.ReviewPostRequest@2347ca7a
2025-01-12T21:08:45.184+0100 INFO               [main]                         be.pxl.services.controller.PostControllerTest - Starting PostControllerTest using Java 21.0.5 with PID 15920 (started by jorge in C:\Users\jorge\Documents\GitHub\project-KianVanDyckPXL\backend-java\project\post-service)
2025-01-12T21:08:45.184+0100 DEBUG              [main]                         be.pxl.services.controller.PostControllerTest - Running with Spring Boot v3.3.5, Spring v6.1.14
2025-01-12T21:08:45.185+0100 INFO               [main]                         be.pxl.services.controller.PostControllerTest - No active profile set, falling back to 1 default profile: "default"
2025-01-12T21:08:46.713+0100 INFO               [main]                         be.pxl.services.controller.PostControllerTest - Started PostControllerTest in 2.271 seconds (process running for 3.289)
2025-01-12T21:08:46.801+0100 INFO               [main]                         be.pxl.services.controller.PostController - Updating post with id: 1 , post: PostRequest(title=Updated Title, content=Updated Content, author=Updated Author, isConcept=false)
2025-01-12T21:08:46.841+0100 INFO               [main]                         be.pxl.services.controller.PostController - a author put his post for submission with id: 1, post: be.pxl.services.controller.dto.ReviewPostRequest@e60c5a
2025-01-12T21:08:46.850+0100 INFO               [main]                         be.pxl.services.controller.PostController - a person got a post: PostResponse(id=1, title=Title, content=Content, author=Author, createdAt=2025-01-12T21:08:46.846685700, isConcept=false, reviewStatus=null, comment=null)
2025-01-12T21:08:46.905+0100 INFO               [main]                         be.pxl.services.controller.PostController - Updating post with id: 1 , post: PostRequest(title=Updated Title, content=Updated Content, author=Updated Author, isConcept=false)
2025-01-12T21:08:46.909+0100 INFO               [main]                         be.pxl.services.controller.PostController - a person got all his posts: [PostResponse(id=1, title=Title1, content=Content1, author=Author1, createdAt=2025-01-12T21:08:46.909686500, isConcept=false, reviewStatus=PENDING, comment=null), PostResponse(id=2, title=Title2, content=Content2, author=Author2, createdAt=2025-01-12T21:08:46.909686500, isConcept=false, reviewStatus=PENDING, comment=null)]
2025-01-12T21:08:46.919+0100 INFO               [main]                         be.pxl.services.controller.PostController - a author got all his posts: []
2025-01-12T21:08:46.934+0100 INFO               [main]                         be.pxl.services.controller.PostController - Adding post: PostRequest(title=Title, content=Content, author=Author, isConcept=true)
2025-01-12T21:08:46.937+0100 INFO               [main]                         be.pxl.services.controller.PostController - a author got all his posts: [PostResponse(id=1, title=Title1, content=Content1, author=Author1, createdAt=2025-01-12T21:08:46.937686400, isConcept=false, reviewStatus=null, comment=null), PostResponse(id=2, title=Title2, content=Content2, author=Author1, createdAt=2025-01-12T21:08:46.937686400, isConcept=false, reviewStatus=null, comment=null)]
2025-01-12T21:08:57.280+0100 INFO               [main]                         be.pxl.services.PostTests     - Starting PostTests using Java 21.0.5 with PID 15920 (started by jorge in C:\Users\jorge\Documents\GitHub\project-KianVanDyckPXL\backend-java\project\post-service)
2025-01-12T21:08:57.280+0100 DEBUG              [main]                         be.pxl.services.PostTests     - Running with Spring Boot v3.3.5, Spring v6.1.14
2025-01-12T21:08:57.280+0100 INFO               [main]                         be.pxl.services.PostTests     - No active profile set, falling back to 1 default profile: "default"
2025-01-12T21:09:00.421+0100 INFO               [main]                         be.pxl.services.PostTests     - Started PostTests in 3.231 seconds (process running for 16.997)
2025-01-12T21:09:00.585+0100 INFO               [main]                         be.pxl.services.controller.PostController - a person got a post: PostResponse(id=1, title=title, content=content, author=author, createdAt=2025-01-12T21:09:00.512804, isConcept=true, reviewStatus=null, comment=null)
2025-01-12T21:09:00.635+0100 INFO               [main]                         be.pxl.services.controller.PostController - a author got all his posts: [PostResponse(id=2, title=title, content=content, author=jef, createdAt=2025-01-12T21:09:00.606124, isConcept=true, reviewStatus=PENDING, comment=comment)]
2025-01-12T21:09:00.651+0100 INFO               [main]                         be.pxl.services.controller.PostController - Adding post: PostRequest(title=New Title, content=New Content, author=New Author, isConcept=true)
2025-01-12T21:09:00.690+0100 INFO               [main]                         be.pxl.services.controller.PostController - a person got all his posts: [PostResponse(id=4, title=title, content=content, author=jef, createdAt=2025-01-12T21:09:00.676900, isConcept=true, reviewStatus=APPROVED, comment=comment)]
2025-01-12T21:09:30.524+0100 INFO               [main]                         be.pxl.services.PostTests     - Starting PostTests using Java 21.0.5 with PID 34668 (started by jorge in C:\Users\jorge\Documents\GitHub\project-KianVanDyckPXL\backend-java\project\post-service)
2025-01-12T21:09:30.525+0100 DEBUG              [main]                         be.pxl.services.PostTests     - Running with Spring Boot v3.3.5, Spring v6.1.14
2025-01-12T21:09:30.525+0100 INFO               [main]                         be.pxl.services.PostTests     - No active profile set, falling back to 1 default profile: "default"
2025-01-12T21:09:35.082+0100 INFO               [main]                         be.pxl.services.PostTests     - Started PostTests in 5.265 seconds (process running for 15.942)
2025-01-12T21:09:35.267+0100 INFO               [main]                         be.pxl.services.controller.PostController - a person got a post: PostResponse(id=1, title=title, content=content, author=author, createdAt=2025-01-12T21:09:35.178151, isConcept=true, reviewStatus=null, comment=null)
2025-01-12T21:09:35.341+0100 INFO               [main]                         be.pxl.services.controller.PostController - a author got all his posts: [PostResponse(id=2, title=title, content=content, author=jef, createdAt=2025-01-12T21:09:35.304651, isConcept=true, reviewStatus=PENDING, comment=comment)]
2025-01-12T21:09:35.361+0100 INFO               [main]                         be.pxl.services.controller.PostController - Adding post: PostRequest(title=New Title, content=New Content, author=New Author, isConcept=true)
2025-01-12T21:09:35.401+0100 INFO               [main]                         be.pxl.services.controller.PostController - a person got all his posts: [PostResponse(id=4, title=title, content=content, author=jef, createdAt=2025-01-12T21:09:35.388485, isConcept=true, reviewStatus=APPROVED, comment=comment)]
2025-01-12T21:10:42.151+0100 INFO               [main]                         be.pxl.services.PostTests     - Starting PostTests using Java 21.0.5 with PID 11508 (started by jorge in C:\Users\jorge\Documents\GitHub\project-KianVanDyckPXL\backend-java\project\post-service)
2025-01-12T21:10:42.152+0100 DEBUG              [main]                         be.pxl.services.PostTests     - Running with Spring Boot v3.3.5, Spring v6.1.14
2025-01-12T21:10:42.152+0100 INFO               [main]                         be.pxl.services.PostTests     - No active profile set, falling back to 1 default profile: "default"
2025-01-12T21:10:46.731+0100 INFO               [main]                         be.pxl.services.PostTests     - Started PostTests in 5.214 seconds (process running for 15.972)
2025-01-12T21:10:46.943+0100 INFO               [main]                         be.pxl.services.controller.PostController - a author put his post for submission with id: 1, post: be.pxl.services.controller.dto.ReviewPostRequest@8e2961
2025-01-12T21:10:57.947+0100 INFO               [main]                         be.pxl.services.controller.PostControllerTest - Starting PostControllerTest using Java 21.0.5 with PID 21968 (started by jorge in C:\Users\jorge\Documents\GitHub\project-KianVanDyckPXL\backend-java\project\post-service)
2025-01-12T21:10:57.948+0100 DEBUG              [main]                         be.pxl.services.controller.PostControllerTest - Running with Spring Boot v3.3.5, Spring v6.1.14
2025-01-12T21:10:57.949+0100 INFO               [main]                         be.pxl.services.controller.PostControllerTest - No active profile set, falling back to 1 default profile: "default"
2025-01-12T21:11:00.326+0100 INFO               [main]                         be.pxl.services.controller.PostControllerTest - Started PostControllerTest in 3.828 seconds (process running for 5.545)
2025-01-12T21:11:00.524+0100 INFO               [main]                         be.pxl.services.controller.PostController - Updating post with id: 1 , post: PostRequest(title=Updated Title, content=Updated Content, author=Updated Author, isConcept=false)
2025-01-12T21:11:00.584+0100 INFO               [main]                         be.pxl.services.controller.PostController - a author put his post for submission with id: 1, post: be.pxl.services.controller.dto.ReviewPostRequest@549f5727
2025-01-12T21:11:00.594+0100 INFO               [main]                         be.pxl.services.controller.PostController - a person got a post: PostResponse(id=1, title=Title, content=Content, author=Author, createdAt=2025-01-12T21:11:00.590631, isConcept=false, reviewStatus=null, comment=null)
2025-01-12T21:11:00.670+0100 INFO               [main]                         be.pxl.services.controller.PostController - Updating post with id: 1 , post: PostRequest(title=Updated Title, content=Updated Content, author=Updated Author, isConcept=false)
2025-01-12T21:11:00.675+0100 INFO               [main]                         be.pxl.services.controller.PostController - a person got all his posts: [PostResponse(id=1, title=Title1, content=Content1, author=Author1, createdAt=2025-01-12T21:11:00.674842500, isConcept=false, reviewStatus=PENDING, comment=null), PostResponse(id=2, title=Title2, content=Content2, author=Author2, createdAt=2025-01-12T21:11:00.674842500, isConcept=false, reviewStatus=PENDING, comment=null)]
2025-01-12T21:11:00.686+0100 INFO               [main]                         be.pxl.services.controller.PostController - a author got all his posts: []
2025-01-12T21:11:00.709+0100 INFO               [main]                         be.pxl.services.controller.PostController - Adding post: PostRequest(title=Title, content=Content, author=Author, isConcept=true)
2025-01-12T21:11:00.715+0100 INFO               [main]                         be.pxl.services.controller.PostController - a author got all his posts: [PostResponse(id=1, title=Title1, content=Content1, author=Author1, createdAt=2025-01-12T21:11:00.714805900, isConcept=false, reviewStatus=null, comment=null), PostResponse(id=2, title=Title2, content=Content2, author=Author1, createdAt=2025-01-12T21:11:00.714805900, isConcept=false, reviewStatus=null, comment=null)]
2025-01-12T21:11:12.360+0100 INFO               [main]                         be.pxl.services.PostTests     - Starting PostTests using Java 21.0.5 with PID 21968 (started by jorge in C:\Users\jorge\Documents\GitHub\project-KianVanDyckPXL\backend-java\project\post-service)
2025-01-12T21:11:12.360+0100 DEBUG              [main]                         be.pxl.services.PostTests     - Running with Spring Boot v3.3.5, Spring v6.1.14
2025-01-12T21:11:12.360+0100 INFO               [main]                         be.pxl.services.PostTests     - No active profile set, falling back to 1 default profile: "default"
2025-01-12T21:11:17.352+0100 INFO               [main]                         be.pxl.services.PostTests     - Started PostTests in 5.115 seconds (process running for 22.571)
2025-01-12T21:11:17.657+0100 INFO               [main]                         be.pxl.services.controller.PostController - a person got a post: PostResponse(id=1, title=title, content=content, author=author, createdAt=2025-01-12T21:11:17.624430, isConcept=true, reviewStatus=null, comment=null)
2025-01-12T21:11:17.736+0100 INFO               [main]                         be.pxl.services.controller.PostController - a author got all his posts: [PostResponse(id=3, title=title, content=content, author=jef, createdAt=2025-01-12T21:11:17.699142, isConcept=true, reviewStatus=PENDING, comment=comment)]
2025-01-12T21:11:17.763+0100 INFO               [main]                         be.pxl.services.controller.PostController - Adding post: PostRequest(title=New Title, content=New Content, author=New Author, isConcept=true)
2025-01-12T21:11:17.815+0100 INFO               [main]                         be.pxl.services.controller.PostController - a person got all his posts: [PostResponse(id=7, title=title, content=content, author=jef, createdAt=2025-01-12T21:11:17.801126, isConcept=true, reviewStatus=APPROVED, comment=comment)]
2025-01-12T21:12:28.956+0100 INFO               [main]                         be.pxl.services.PostTests     - Starting PostTests using Java 21.0.5 with PID 22172 (started by jorge in C:\Users\jorge\Documents\GitHub\project-KianVanDyckPXL\backend-java\project\post-service)
2025-01-12T21:12:28.957+0100 DEBUG              [main]                         be.pxl.services.PostTests     - Running with Spring Boot v3.3.5, Spring v6.1.14
2025-01-12T21:12:28.957+0100 INFO               [main]                         be.pxl.services.PostTests     - No active profile set, falling back to 1 default profile: "default"
2025-01-12T21:12:34.134+0100 INFO               [main]                         be.pxl.services.PostTests     - Started PostTests in 5.886 seconds (process running for 17.038)
2025-01-12T21:12:34.362+0100 INFO               [main]                         be.pxl.services.controller.PostController - a person got a post: PostResponse(id=1, title=title, content=content, author=author, createdAt=2025-01-12T21:12:34.305752, isConcept=true, reviewStatus=null, comment=null)
2025-01-12T21:12:34.445+0100 INFO               [main]                         be.pxl.services.controller.PostController - a author got all his posts: [PostResponse(id=3, title=title, content=content, author=jef, createdAt=2025-01-12T21:12:34.416365, isConcept=true, reviewStatus=PENDING, comment=comment)]
2025-01-12T21:12:34.476+0100 INFO               [main]                         be.pxl.services.controller.PostController - Adding post: PostRequest(title=New Title, content=New Content, author=New Author, isConcept=true)
2025-01-12T21:12:34.533+0100 INFO               [main]                         be.pxl.services.controller.PostController - a person got all his posts: [PostResponse(id=7, title=title, content=content, author=jef, createdAt=2025-01-12T21:12:34.519819, isConcept=true, reviewStatus=APPROVED, comment=comment)]
2025-01-12T21:13:06.918+0100 INFO               [main]                         be.pxl.services.PostTests     - Starting PostTests using Java 21.0.5 with PID 24468 (started by jorge in C:\Users\jorge\Documents\GitHub\project-KianVanDyckPXL\backend-java\project\post-service)
2025-01-12T21:13:06.919+0100 DEBUG              [main]                         be.pxl.services.PostTests     - Running with Spring Boot v3.3.5, Spring v6.1.14
2025-01-12T21:13:06.920+0100 INFO               [main]                         be.pxl.services.PostTests     - No active profile set, falling back to 1 default profile: "default"
2025-01-12T21:13:12.079+0100 INFO               [main]                         be.pxl.services.PostTests     - Started PostTests in 5.839 seconds (process running for 16.948)
2025-01-12T21:13:12.306+0100 INFO               [main]                         be.pxl.services.controller.PostController - a author put his post for submission with id: 1, post: be.pxl.services.controller.dto.ReviewPostRequest@7d2c6085
2025-01-12T21:13:28.394+0100 INFO               [main]                         be.pxl.services.controller.PostControllerTest - Starting PostControllerTest using Java 21.0.5 with PID 15968 (started by jorge in C:\Users\jorge\Documents\GitHub\project-KianVanDyckPXL\backend-java\project\post-service)
2025-01-12T21:13:28.396+0100 DEBUG              [main]                         be.pxl.services.controller.PostControllerTest - Running with Spring Boot v3.3.5, Spring v6.1.14
2025-01-12T21:13:28.396+0100 INFO               [main]                         be.pxl.services.controller.PostControllerTest - No active profile set, falling back to 1 default profile: "default"
2025-01-12T21:13:30.809+0100 INFO               [main]                         be.pxl.services.controller.PostControllerTest - Started PostControllerTest in 3.944 seconds (process running for 5.753)
2025-01-12T21:13:30.951+0100 INFO               [main]                         be.pxl.services.controller.PostController - Updating post with id: 1 , post: PostRequest(title=Updated Title, content=Updated Content, author=Updated Author, isConcept=false)
2025-01-12T21:13:31.006+0100 INFO               [main]                         be.pxl.services.controller.PostController - a author put his post for submission with id: 1, post: be.pxl.services.controller.dto.ReviewPostRequest@549f5727
2025-01-12T21:13:31.016+0100 INFO               [main]                         be.pxl.services.controller.PostController - a person got a post: PostResponse(id=1, title=Title, content=Content, author=Author, createdAt=2025-01-12T21:13:31.012919400, isConcept=false, reviewStatus=null, comment=null)
2025-01-12T21:13:31.094+0100 INFO               [main]                         be.pxl.services.controller.PostController - Updating post with id: 1 , post: PostRequest(title=Updated Title, content=Updated Content, author=Updated Author, isConcept=false)
2025-01-12T21:13:31.100+0100 INFO               [main]                         be.pxl.services.controller.PostController - a person got all his posts: [PostResponse(id=1, title=Title1, content=Content1, author=Author1, createdAt=2025-01-12T21:13:31.099144800, isConcept=false, reviewStatus=PENDING, comment=null), PostResponse(id=2, title=Title2, content=Content2, author=Author2, createdAt=2025-01-12T21:13:31.099144800, isConcept=false, reviewStatus=PENDING, comment=null)]
2025-01-12T21:13:31.112+0100 INFO               [main]                         be.pxl.services.controller.PostController - a author got all his posts: []
2025-01-12T21:13:31.133+0100 INFO               [main]                         be.pxl.services.controller.PostController - Adding post: PostRequest(title=Title, content=Content, author=Author, isConcept=true)
2025-01-12T21:13:31.138+0100 INFO               [main]                         be.pxl.services.controller.PostController - a author got all his posts: [PostResponse(id=1, title=Title1, content=Content1, author=Author1, createdAt=2025-01-12T21:13:31.137659800, isConcept=false, reviewStatus=null, comment=null), PostResponse(id=2, title=Title2, content=Content2, author=Author1, createdAt=2025-01-12T21:13:31.137659800, isConcept=false, reviewStatus=null, comment=null)]
2025-01-12T21:13:42.539+0100 INFO               [main]                         be.pxl.services.PostTests     - Starting PostTests using Java 21.0.5 with PID 15968 (started by jorge in C:\Users\jorge\Documents\GitHub\project-KianVanDyckPXL\backend-java\project\post-service)
2025-01-12T21:13:42.540+0100 DEBUG              [main]                         be.pxl.services.PostTests     - Running with Spring Boot v3.3.5, Spring v6.1.14
2025-01-12T21:13:42.540+0100 INFO               [main]                         be.pxl.services.PostTests     - No active profile set, falling back to 1 default profile: "default"
2025-01-12T21:13:47.199+0100 INFO               [main]                         be.pxl.services.PostTests     - Started PostTests in 4.765 seconds (process running for 22.142)
2025-01-12T21:13:47.451+0100 INFO               [main]                         be.pxl.services.controller.PostController - a person got a post: PostResponse(id=1, title=title, content=content, author=author, createdAt=2025-01-12T21:13:47.423505, isConcept=true, reviewStatus=null, comment=null)
2025-01-12T21:13:47.519+0100 INFO               [main]                         be.pxl.services.controller.PostController - a author got all his posts: [PostResponse(id=3, title=title, content=content, author=jef, createdAt=2025-01-12T21:13:47.487503, isConcept=true, reviewStatus=PENDING, comment=comment)]
2025-01-12T21:13:47.545+0100 INFO               [main]                         be.pxl.services.controller.PostController - Adding post: PostRequest(title=New Title, content=New Content, author=New Author, isConcept=true)
2025-01-12T21:13:47.595+0100 INFO               [main]                         be.pxl.services.controller.PostController - a person got all his posts: [PostResponse(id=7, title=title, content=content, author=jef, createdAt=2025-01-12T21:13:47.582649, isConcept=true, reviewStatus=APPROVED, comment=comment)]
2025-01-12T21:15:10.964+0100 INFO               [main]                         be.pxl.services.PostTests     - Starting PostTests using Java 21.0.5 with PID 21940 (started by jorge in C:\Users\jorge\Documents\GitHub\project-KianVanDyckPXL\backend-java\project\post-service)
2025-01-12T21:15:10.965+0100 DEBUG              [main]                         be.pxl.services.PostTests     - Running with Spring Boot v3.3.5, Spring v6.1.14
2025-01-12T21:15:10.966+0100 INFO               [main]                         be.pxl.services.PostTests     - No active profile set, falling back to 1 default profile: "default"
2025-01-12T21:15:15.957+0100 INFO               [main]                         be.pxl.services.PostTests     - Started PostTests in 5.71 seconds (process running for 16.713)
2025-01-12T21:15:16.188+0100 INFO               [main]                         be.pxl.services.controller.PostController - a author put his post for submission with id: 1, post: be.pxl.services.controller.dto.ReviewPostRequest@2c29342a
2025-01-12T21:15:52.650+0100 INFO               [main]                         be.pxl.services.controller.PostControllerTest - Starting PostControllerTest using Java 21.0.5 with PID 33776 (started by jorge in C:\Users\jorge\Documents\GitHub\project-KianVanDyckPXL\backend-java\project\post-service)
2025-01-12T21:15:52.651+0100 DEBUG              [main]                         be.pxl.services.controller.PostControllerTest - Running with Spring Boot v3.3.5, Spring v6.1.14
2025-01-12T21:15:52.652+0100 INFO               [main]                         be.pxl.services.controller.PostControllerTest - No active profile set, falling back to 1 default profile: "default"
2025-01-12T21:15:55.017+0100 INFO               [main]                         be.pxl.services.controller.PostControllerTest - Started PostControllerTest in 3.813 seconds (process running for 5.588)
2025-01-12T21:15:55.150+0100 INFO               [main]                         be.pxl.services.controller.PostController - Updating post with id: 1 , post: PostRequest(title=Updated Title, content=Updated Content, author=Updated Author, isConcept=false)
2025-01-12T21:15:55.214+0100 INFO               [main]                         be.pxl.services.controller.PostController - a author put his post for submission with id: 1, post: be.pxl.services.controller.dto.ReviewPostRequest@785149e6
2025-01-12T21:15:55.227+0100 INFO               [main]                         be.pxl.services.controller.PostController - a person got a post: PostResponse(id=1, title=Title, content=Content, author=Author, createdAt=2025-01-12T21:15:55.221740200, isConcept=false, reviewStatus=null, comment=null)
2025-01-12T21:15:55.307+0100 INFO               [main]                         be.pxl.services.controller.PostController - Updating post with id: 1 , post: PostRequest(title=Updated Title, content=Updated Content, author=Updated Author, isConcept=false)
2025-01-12T21:15:55.312+0100 INFO               [main]                         be.pxl.services.controller.PostController - a person got all his posts: [PostResponse(id=1, title=Title1, content=Content1, author=Author1, createdAt=2025-01-12T21:15:55.310790600, isConcept=false, reviewStatus=PENDING, comment=null), PostResponse(id=2, title=Title2, content=Content2, author=Author2, createdAt=2025-01-12T21:15:55.310790600, isConcept=false, reviewStatus=PENDING, comment=null)]
2025-01-12T21:15:55.324+0100 INFO               [main]                         be.pxl.services.controller.PostController - a author got all his posts: []
2025-01-12T21:15:55.347+0100 INFO               [main]                         be.pxl.services.controller.PostController - Adding post: PostRequest(title=Title, content=Content, author=Author, isConcept=true)
2025-01-12T21:15:55.353+0100 INFO               [main]                         be.pxl.services.controller.PostController - a author got all his posts: [PostResponse(id=1, title=Title1, content=Content1, author=Author1, createdAt=2025-01-12T21:15:55.351792200, isConcept=false, reviewStatus=null, comment=null), PostResponse(id=2, title=Title2, content=Content2, author=Author1, createdAt=2025-01-12T21:15:55.351792200, isConcept=false, reviewStatus=null, comment=null)]
2025-01-12T21:16:06.517+0100 INFO               [main]                         be.pxl.services.PostTests     - Starting PostTests using Java 21.0.5 with PID 33776 (started by jorge in C:\Users\jorge\Documents\GitHub\project-KianVanDyckPXL\backend-java\project\post-service)
2025-01-12T21:16:06.517+0100 DEBUG              [main]                         be.pxl.services.PostTests     - Running with Spring Boot v3.3.5, Spring v6.1.14
2025-01-12T21:16:06.517+0100 INFO               [main]                         be.pxl.services.PostTests     - No active profile set, falling back to 1 default profile: "default"
2025-01-12T21:16:11.254+0100 INFO               [main]                         be.pxl.services.PostTests     - Started PostTests in 4.838 seconds (process running for 21.825)
2025-01-12T21:16:11.495+0100 INFO               [main]                         be.pxl.services.controller.PostController - a person got a post: PostResponse(id=1, title=title, content=content, author=author, createdAt=2025-01-12T21:16:11.405889, isConcept=true, reviewStatus=null, comment=null)
2025-01-12T21:16:11.560+0100 INFO               [main]                         be.pxl.services.controller.PostController - a author got all his posts: [PostResponse(id=2, title=title, content=content, author=jef, createdAt=2025-01-12T21:16:11.520146, isConcept=true, reviewStatus=PENDING, comment=comment)]
2025-01-12T21:16:11.578+0100 INFO               [main]                         be.pxl.services.controller.PostController - Adding post: PostRequest(title=New Title, content=New Content, author=New Author, isConcept=true)
2025-01-12T21:16:11.621+0100 INFO               [main]                         be.pxl.services.controller.PostController - a person got all his posts: [PostResponse(id=4, title=title, content=content, author=jef, createdAt=2025-01-12T21:16:11.607096, isConcept=true, reviewStatus=APPROVED, comment=comment)]
2025-01-12T21:16:49.617+0100 INFO               [main]                         be.pxl.services.controller.PostControllerTest - Starting PostControllerTest using Java 21.0.5 with PID 23452 (started by jorge in C:\Users\jorge\Documents\GitHub\project-KianVanDyckPXL\backend-java\project\post-service)
2025-01-12T21:16:49.618+0100 DEBUG              [main]                         be.pxl.services.controller.PostControllerTest - Running with Spring Boot v3.3.5, Spring v6.1.14
2025-01-12T21:16:49.619+0100 INFO               [main]                         be.pxl.services.controller.PostControllerTest - No active profile set, falling back to 1 default profile: "default"
2025-01-12T21:16:51.988+0100 INFO               [main]                         be.pxl.services.controller.PostControllerTest - Started PostControllerTest in 3.88 seconds (process running for 5.634)
2025-01-12T21:16:52.131+0100 INFO               [main]                         be.pxl.services.controller.PostController - Updating post with id: 1 , post: PostRequest(title=Updated Title, content=Updated Content, author=Updated Author, isConcept=false)
2025-01-12T21:16:52.189+0100 INFO               [main]                         be.pxl.services.controller.PostController - a author put his post for submission with id: 1, post: be.pxl.services.controller.dto.ReviewPostRequest@49c5e335
2025-01-12T21:16:52.202+0100 INFO               [main]                         be.pxl.services.controller.PostController - a person got a post: PostResponse(id=1, title=Title, content=Content, author=Author, createdAt=2025-01-12T21:16:52.196447500, isConcept=false, reviewStatus=null, comment=null)
2025-01-12T21:16:52.281+0100 INFO               [main]                         be.pxl.services.controller.PostController - Updating post with id: 1 , post: PostRequest(title=Updated Title, content=Updated Content, author=Updated Author, isConcept=false)
2025-01-12T21:16:52.285+0100 INFO               [main]                         be.pxl.services.controller.PostController - a person got all his posts: [PostResponse(id=1, title=Title1, content=Content1, author=Author1, createdAt=2025-01-12T21:16:52.284962900, isConcept=false, reviewStatus=PENDING, comment=null), PostResponse(id=2, title=Title2, content=Content2, author=Author2, createdAt=2025-01-12T21:16:52.284962900, isConcept=false, reviewStatus=PENDING, comment=null)]
2025-01-12T21:16:52.297+0100 INFO               [main]                         be.pxl.services.controller.PostController - a author got all his posts: []
2025-01-12T21:16:52.318+0100 INFO               [main]                         be.pxl.services.controller.PostController - Adding post: PostRequest(title=Title, content=Content, author=Author, isConcept=true)
2025-01-12T21:16:52.324+0100 INFO               [main]                         be.pxl.services.controller.PostController - a author got all his posts: [PostResponse(id=1, title=Title1, content=Content1, author=Author1, createdAt=2025-01-12T21:16:52.323963800, isConcept=false, reviewStatus=null, comment=null), PostResponse(id=2, title=Title2, content=Content2, author=Author1, createdAt=2025-01-12T21:16:52.323963800, isConcept=false, reviewStatus=null, comment=null)]
2025-01-12T21:17:03.608+0100 INFO               [main]                         be.pxl.services.PostTests     - Starting PostTests using Java 21.0.5 with PID 23452 (started by jorge in C:\Users\jorge\Documents\GitHub\project-KianVanDyckPXL\backend-java\project\post-service)
2025-01-12T21:17:03.608+0100 DEBUG              [main]                         be.pxl.services.PostTests     - Running with Spring Boot v3.3.5, Spring v6.1.14
2025-01-12T21:17:03.608+0100 INFO               [main]                         be.pxl.services.PostTests     - No active profile set, falling back to 1 default profile: "default"
2025-01-12T21:17:08.332+0100 INFO               [main]                         be.pxl.services.PostTests     - Started PostTests in 4.86 seconds (process running for 21.979)
2025-01-12T21:17:08.567+0100 INFO               [main]                         be.pxl.services.controller.PostController - a person got a post: PostResponse(id=1, title=title, content=content, author=author, createdAt=2025-01-12T21:17:08.475634, isConcept=true, reviewStatus=null, comment=null)
2025-01-12T21:17:08.640+0100 INFO               [main]                         be.pxl.services.controller.PostController - a author got all his posts: [PostResponse(id=2, title=title, content=content, author=jef, createdAt=2025-01-12T21:17:08.591558, isConcept=true, reviewStatus=PENDING, comment=comment)]
2025-01-12T21:17:08.657+0100 INFO               [main]                         be.pxl.services.controller.PostController - Adding post: PostRequest(title=New Title, content=New Content, author=New Author, isConcept=true)
2025-01-12T21:17:08.697+0100 INFO               [main]                         be.pxl.services.controller.PostController - a person got all his posts: [PostResponse(id=4, title=title, content=content, author=jef, createdAt=2025-01-12T21:17:08.684472, isConcept=true, reviewStatus=APPROVED, comment=comment)]
