2025-01-12T19:33:11.886+0100 INFO               [main]                         be.pxl.services.ReviewTests   - Starting ReviewTests using Java 21.0.5 with PID 34416 (started by jorge in C:\Users\jorge\Documents\GitHub\project-KianVanDyckPXL\backend-java\project\review-service)
2025-01-12T19:33:11.886+0100 DEBUG              [main]                         be.pxl.services.ReviewTests   - Running with Spring Boot v3.3.5, Spring v6.1.14
2025-01-12T19:33:11.887+0100 INFO               [main]                         be.pxl.services.ReviewTests   - No active profile set, falling back to 1 default profile: "default"
2025-01-12T19:33:15.879+0100 INFO               [main]                         be.pxl.services.ReviewTests   - Started ReviewTests in 4.677 seconds (process running for 27.94)
2025-01-12T19:34:40.502+0100 INFO               [main]                         be.pxl.services.ReviewTests   - Starting ReviewTests using Java 21.0.5 with PID 33760 (started by jorge in C:\Users\jorge\Documents\GitHub\project-KianVanDyckPXL\backend-java\project\review-service)
2025-01-12T19:34:40.503+0100 DEBUG              [main]                         be.pxl.services.ReviewTests   - Running with Spring Boot v3.3.5, Spring v6.1.14
2025-01-12T19:34:40.503+0100 INFO               [main]                         be.pxl.services.ReviewTests   - No active profile set, falling back to 1 default profile: "default"
2025-01-12T19:34:44.695+0100 INFO               [main]                         be.pxl.services.ReviewTests   - Started ReviewTests in 4.883 seconds (process running for 15.749)
2025-01-12T19:36:34.764+0100 INFO               [main]                         be.pxl.services.ReviewTests   - Starting ReviewTests using Java 21.0.5 with PID 33704 (started by jorge in C:\Users\jorge\Documents\GitHub\project-KianVanDyckPXL\backend-java\project\review-service)
2025-01-12T19:36:34.765+0100 DEBUG              [main]                         be.pxl.services.ReviewTests   - Running with Spring Boot v3.3.5, Spring v6.1.14
2025-01-12T19:36:34.765+0100 INFO               [main]                         be.pxl.services.ReviewTests   - No active profile set, falling back to 1 default profile: "default"
2025-01-12T19:36:38.747+0100 INFO               [main]                         be.pxl.services.ReviewTests   - Started ReviewTests in 4.642 seconds (process running for 15.465)
2025-01-12T19:39:11.762+0100 INFO               [main]                         be.pxl.services.ReviewTests   - Starting ReviewTests using Java 21.0.5 with PID 20900 (started by jorge in C:\Users\jorge\Documents\GitHub\project-KianVanDyckPXL\backend-java\project\review-service)
2025-01-12T19:39:11.763+0100 DEBUG              [main]                         be.pxl.services.ReviewTests   - Running with Spring Boot v3.3.5, Spring v6.1.14
2025-01-12T19:39:11.764+0100 INFO               [main]                         be.pxl.services.ReviewTests   - No active profile set, falling back to 1 default profile: "default"
2025-01-12T19:39:15.718+0100 INFO               [main]                         be.pxl.services.ReviewTests   - Started ReviewTests in 4.648 seconds (process running for 15.347)
2025-01-12T20:41:21.446+0100 INFO               [main]                         be.pxl.services.ReviewTests   - Starting ReviewTests using Java 21.0.5 with PID 2576 (started by jorge in C:\Users\jorge\Documents\GitHub\project-KianVanDyckPXL\backend-java\project\review-service)
2025-01-12T20:41:21.447+0100 DEBUG              [main]                         be.pxl.services.ReviewTests   - Running with Spring Boot v3.3.5, Spring v6.1.14
2025-01-12T20:41:21.448+0100 INFO               [main]                         be.pxl.services.ReviewTests   - No active profile set, falling back to 1 default profile: "default"
2025-01-12T20:41:25.521+0100 INFO               [main]                         be.pxl.services.ReviewTests   - Started ReviewTests in 4.736 seconds (process running for 15.596)
2025-01-12T20:49:35.241+0100 INFO               [main]                         be.pxl.services.NotificationTests - Starting NotificationTests using Java 21.0.5 with PID 23572 (started by jorge in C:\Users\jorge\Documents\GitHub\project-KianVanDyckPXL\backend-java\project\review-service)
2025-01-12T20:49:35.241+0100 DEBUG              [main]                         be.pxl.services.NotificationTests - Running with Spring Boot v3.3.5, Spring v6.1.14
2025-01-12T20:49:35.242+0100 INFO               [main]                         be.pxl.services.NotificationTests - No active profile set, falling back to 1 default profile: "default"
2025-01-12T20:49:39.358+0100 INFO               [main]                         be.pxl.services.NotificationTests - Started NotificationTests in 4.761 seconds (process running for 15.763)
2025-01-12T20:50:48.241+0100 INFO               [main]                         be.pxl.services.NotificationTests - Starting NotificationTests using Java 21.0.5 with PID 11332 (started by jorge in C:\Users\jorge\Documents\GitHub\project-KianVanDyckPXL\backend-java\project\review-service)
2025-01-12T20:50:48.242+0100 DEBUG              [main]                         be.pxl.services.NotificationTests - Running with Spring Boot v3.3.5, Spring v6.1.14
2025-01-12T20:50:48.243+0100 INFO               [main]                         be.pxl.services.NotificationTests - No active profile set, falling back to 1 default profile: "default"
2025-01-12T20:50:52.336+0100 INFO               [main]                         be.pxl.services.NotificationTests - Started NotificationTests in 4.76 seconds (process running for 15.614)
2025-01-12T20:50:52.832+0100 INFO               [main]                         be.pxl.services.controller.NotificationController - Getting notifications for jef
2025-01-12T20:53:37.665+0100 INFO               [main]                         be.pxl.services.ReviewTests   - Starting ReviewTests using Java 21.0.5 with PID 22648 (started by jorge in C:\Users\jorge\Documents\GitHub\project-KianVanDyckPXL\backend-java\project\review-service)
2025-01-12T20:53:37.666+0100 DEBUG              [main]                         be.pxl.services.ReviewTests   - Running with Spring Boot v3.3.5, Spring v6.1.14
2025-01-12T20:53:37.667+0100 INFO               [main]                         be.pxl.services.ReviewTests   - No active profile set, falling back to 1 default profile: "default"
2025-01-12T20:53:41.764+0100 INFO               [main]                         be.pxl.services.ReviewTests   - Started ReviewTests in 4.764 seconds (process running for 15.486)
2025-01-12T20:55:28.484+0100 INFO               [main]                         be.pxl.services.ReviewTests   - Starting ReviewTests using Java 21.0.5 with PID 14900 (started by jorge in C:\Users\jorge\Documents\GitHub\project-KianVanDyckPXL\backend-java\project\review-service)
2025-01-12T20:55:28.484+0100 DEBUG              [main]                         be.pxl.services.ReviewTests   - Running with Spring Boot v3.3.5, Spring v6.1.14
2025-01-12T20:55:28.485+0100 INFO               [main]                         be.pxl.services.ReviewTests   - No active profile set, falling back to 1 default profile: "default"
2025-01-12T20:55:32.656+0100 INFO               [main]                         be.pxl.services.ReviewTests   - Started ReviewTests in 4.828 seconds (process running for 15.694)
2025-01-12T20:56:38.680+0100 INFO               [main]                         be.pxl.services.ReviewTests   - Starting ReviewTests using Java 21.0.5 with PID 16116 (started by jorge in C:\Users\jorge\Documents\GitHub\project-KianVanDyckPXL\backend-java\project\review-service)
2025-01-12T20:56:38.681+0100 DEBUG              [main]                         be.pxl.services.ReviewTests   - Running with Spring Boot v3.3.5, Spring v6.1.14
2025-01-12T20:56:38.681+0100 INFO               [main]                         be.pxl.services.ReviewTests   - No active profile set, falling back to 1 default profile: "default"
2025-01-12T20:56:43.511+0100 INFO               [main]                         be.pxl.services.ReviewTests   - Started ReviewTests in 5.489 seconds (process running for 16.311)
2025-01-12T20:56:43.693+0100 INFO               [main]                         be.pxl.services.controller.ReviewController - a person got all the reviews: []
2025-01-12T20:57:38.813+0100 INFO               [main]                         be.pxl.services.ReviewTests   - Starting ReviewTests using Java 21.0.5 with PID 34712 (started by jorge in C:\Users\jorge\Documents\GitHub\project-KianVanDyckPXL\backend-java\project\review-service)
2025-01-12T20:57:38.814+0100 DEBUG              [main]                         be.pxl.services.ReviewTests   - Running with Spring Boot v3.3.5, Spring v6.1.14
2025-01-12T20:57:38.815+0100 INFO               [main]                         be.pxl.services.ReviewTests   - No active profile set, falling back to 1 default profile: "default"
2025-01-12T20:57:43.872+0100 INFO               [main]                         be.pxl.services.ReviewTests   - Started ReviewTests in 5.736 seconds (process running for 16.707)
2025-01-12T20:57:44.084+0100 INFO               [main]                         be.pxl.services.controller.ReviewController - a person got all the reviews: []
2025-01-12T21:01:41.016+0100 INFO               [main]                         be.pxl.services.ReviewTests   - Starting ReviewTests using Java 21.0.5 with PID 24648 (started by jorge in C:\Users\jorge\Documents\GitHub\project-KianVanDyckPXL\backend-java\project\review-service)
2025-01-12T21:01:41.016+0100 DEBUG              [main]                         be.pxl.services.ReviewTests   - Running with Spring Boot v3.3.5, Spring v6.1.14
2025-01-12T21:01:41.017+0100 INFO               [main]                         be.pxl.services.ReviewTests   - No active profile set, falling back to 1 default profile: "default"
2025-01-12T21:01:45.908+0100 INFO               [main]                         be.pxl.services.ReviewTests   - Started ReviewTests in 5.561 seconds (process running for 16.412)
2025-01-12T21:01:46.194+0100 INFO               [main]                         be.pxl.services.controller.ReviewController - a person got all the reviews: [ReviewResponse[id=3, author=author, description=content, title=title, postId=1]]
2025-01-12T21:02:21.870+0100 INFO               [main]                         be.pxl.services.ReviewTests   - Starting ReviewTests using Java 21.0.5 with PID 33860 (started by jorge in C:\Users\jorge\Documents\GitHub\project-KianVanDyckPXL\backend-java\project\review-service)
2025-01-12T21:02:21.871+0100 DEBUG              [main]                         be.pxl.services.ReviewTests   - Running with Spring Boot v3.3.5, Spring v6.1.14
2025-01-12T21:02:21.872+0100 INFO               [main]                         be.pxl.services.ReviewTests   - No active profile set, falling back to 1 default profile: "default"
2025-01-12T21:02:26.599+0100 INFO               [main]                         be.pxl.services.ReviewTests   - Started ReviewTests in 5.392 seconds (process running for 15.976)
2025-01-12T21:05:36.718+0100 INFO               [main]                         be.pxl.services.ReviewTests   - Starting ReviewTests using Java 21.0.5 with PID 30432 (started by jorge in C:\Users\jorge\Documents\GitHub\project-KianVanDyckPXL\backend-java\project\review-service)
2025-01-12T21:05:36.719+0100 DEBUG              [main]                         be.pxl.services.ReviewTests   - Running with Spring Boot v3.3.5, Spring v6.1.14
2025-01-12T21:05:36.720+0100 INFO               [main]                         be.pxl.services.ReviewTests   - No active profile set, falling back to 1 default profile: "default"
2025-01-12T21:05:41.508+0100 INFO               [main]                         be.pxl.services.ReviewTests   - Started ReviewTests in 5.444 seconds (process running for 16.211)
2025-01-12T21:05:59.011+0100 INFO               [main]                         be.pxl.services.ReviewTests   - Starting ReviewTests using Java 21.0.5 with PID 32240 (started by jorge in C:\Users\jorge\Documents\GitHub\project-KianVanDyckPXL\backend-java\project\review-service)
2025-01-12T21:05:59.012+0100 DEBUG              [main]                         be.pxl.services.ReviewTests   - Running with Spring Boot v3.3.5, Spring v6.1.14
2025-01-12T21:05:59.013+0100 INFO               [main]                         be.pxl.services.ReviewTests   - No active profile set, falling back to 1 default profile: "default"
2025-01-12T21:06:03.946+0100 INFO               [main]                         be.pxl.services.ReviewTests   - Started ReviewTests in 5.606 seconds (process running for 16.17)
2025-01-12T21:06:04.261+0100 INFO               [main]                         be.pxl.services.controller.ReviewController - a person got all the reviews: [ReviewResponse[id=3, author=author, description=content, title=title, postId=1]]
2025-01-12T21:07:59.729+0100 INFO               [main]                         be.pxl.services.NotificationTests - Starting NotificationTests using Java 21.0.5 with PID 22852 (started by jorge in C:\Users\jorge\Documents\GitHub\project-KianVanDyckPXL\backend-java\project\review-service)
2025-01-12T21:07:59.730+0100 DEBUG              [main]                         be.pxl.services.NotificationTests - Running with Spring Boot v3.3.5, Spring v6.1.14
2025-01-12T21:07:59.730+0100 INFO               [main]                         be.pxl.services.NotificationTests - No active profile set, falling back to 1 default profile: "default"
2025-01-12T21:08:05.880+0100 INFO               [main]                         be.pxl.services.NotificationTests - Started NotificationTests in 7.266 seconds (process running for 19.644)
2025-01-12T21:08:06.536+0100 INFO               [main]                         be.pxl.services.controller.NotificationController - Getting notifications for jef
2025-01-12T21:08:07.287+0100 INFO               [main]                         be.pxl.services.controller.NotificationControllerTest - Starting NotificationControllerTest using Java 21.0.5 with PID 22852 (started by jorge in C:\Users\jorge\Documents\GitHub\project-KianVanDyckPXL\backend-java\project\review-service)
2025-01-12T21:08:07.287+0100 DEBUG              [main]                         be.pxl.services.controller.NotificationControllerTest - Running with Spring Boot v3.3.5, Spring v6.1.14
2025-01-12T21:08:07.287+0100 INFO               [main]                         be.pxl.services.controller.NotificationControllerTest - No active profile set, falling back to 1 default profile: "default"
2025-01-12T21:08:07.665+0100 INFO               [main]                         be.pxl.services.controller.NotificationControllerTest - Started NotificationControllerTest in 0.46 seconds (process running for 21.43)
2025-01-12T21:08:07.713+0100 INFO               [main]                         be.pxl.services.controller.NotificationController - Getting notifications for john.doe
2025-01-12T21:08:07.846+0100 INFO               [main]                         be.pxl.services.controller.NotificationController - Getting notifications for invalid-author
2025-01-12T21:08:16.539+0100 INFO               [main]                         be.pxl.services.ReviewTests   - Starting ReviewTests using Java 21.0.5 with PID 22852 (started by jorge in C:\Users\jorge\Documents\GitHub\project-KianVanDyckPXL\backend-java\project\review-service)
2025-01-12T21:08:16.539+0100 DEBUG              [main]                         be.pxl.services.ReviewTests   - Running with Spring Boot v3.3.5, Spring v6.1.14
2025-01-12T21:08:16.540+0100 INFO               [main]                         be.pxl.services.ReviewTests   - No active profile set, falling back to 1 default profile: "default"
2025-01-12T21:08:17.875+0100 INFO               [main]                         be.pxl.services.ReviewTests   - Started ReviewTests in 1.41 seconds (process running for 31.639)
2025-01-12T21:08:17.975+0100 INFO               [main]                         be.pxl.services.controller.ReviewController - a person got all the reviews: [ReviewResponse[id=2, author=author, description=content, title=title, postId=1]]
2025-01-12T21:08:18.599+0100 INFO               [main]                         be.pxl.services.controller.ReviewController - a person updated a review: Review(id=null, postId=null, reviewer=null, content=null, author=null, title=null, reviewStatus=PENDING, comment=null)
2025-01-12T21:08:18.667+0100 INFO               [main]                         be.pxl.services.controller.ReviewController - a person got all the reviews: [ReviewResponse[id=1, author=author, description=desc, title=title, postId=2], ReviewResponse[id=2, author=author, description=desc, title=title, postId=3]]
